<?xml version="1.0" encoding="UTF-8"?>
<!-- Generated by org.testng.reporters.JUnitReportReporter -->
<testsuite hostname="DESKTOP-CQIV5TH" failures="0" tests="1" name="WalletHub.Assignment.Base" time="2.218" errors="0" timestamp="2021-11-18T13:12:36 IST" skipped="0">
  <testcase classname="WalletHub.Assignment.Base" name="browserinitialize" time="2.218"/>
  <system-out/>
</testsuite> <!-- WalletHub.Assignment.Base -->
