<?xml version="1.0" encoding="UTF-8"?>
<!-- Generated by org.testng.reporters.JUnitReportReporter -->
<testsuite hostname="DESKTOP-CQIV5TH" failures="0" tests="1" name="TestCases.TC_01_FbLogin" time="11.055" errors="0" timestamp="2021-11-23T14:38:49 IST" skipped="0">
  <testcase classname="TestCases.TC_01_FbLogin" name="NavigateFB" time="11.055"/>
  <system-out/>
</testsuite> <!-- TestCases.TC_01_FbLogin -->
